[Fri Nov 22 13:28:55.420397 2024] [ssl:warn] [pid 34604:tid 428] AH01909: www.example.com:443:0 server certificate does NOT include an ID which matches the server name
[Fri Nov 22 13:28:55.452397 2024] [ssl:warn] [pid 34604:tid 428] AH01909: www.example.com:443:0 server certificate does NOT include an ID which matches the server name
[Fri Nov 22 13:28:55.485397 2024] [mpm_winnt:notice] [pid 34604:tid 428] AH00455: Apache/2.4.58 (Win64) OpenSSL/3.1.3 PHP/8.2.12 configured -- resuming normal operations
[Fri Nov 22 13:28:55.485397 2024] [mpm_winnt:notice] [pid 34604:tid 428] AH00456: Apache Lounge VS17 Server built: Oct 18 2023 13:03:18
[Fri Nov 22 13:28:55.485397 2024] [core:notice] [pid 34604:tid 428] AH00094: Command line: 'C:\\xampp\\apache\\bin\\httpd.exe -d C:/xampp/apache'
[Fri Nov 22 13:28:55.496909 2024] [mpm_winnt:notice] [pid 34604:tid 428] AH00418: Parent: Created child process 32500
[Fri Nov 22 13:28:55.811727 2024] [ssl:warn] [pid 32500:tid 436] AH01909: www.example.com:443:0 server certificate does NOT include an ID which matches the server name
[Fri Nov 22 13:28:55.840770 2024] [ssl:warn] [pid 32500:tid 436] AH01909: www.example.com:443:0 server certificate does NOT include an ID which matches the server name
[Fri Nov 22 13:28:55.870793 2024] [mpm_winnt:notice] [pid 32500:tid 436] AH00354: Child: Starting 150 worker threads.
[Fri Nov 22 13:33:49.782806 2024] [ssl:warn] [pid 6268:tid 452] AH01909: www.example.com:443:0 server certificate does NOT include an ID which matches the server name
[Fri Nov 22 13:33:49.813227 2024] [ssl:warn] [pid 6268:tid 452] AH01909: www.example.com:443:0 server certificate does NOT include an ID which matches the server name
[Fri Nov 22 13:33:49.840556 2024] [mpm_winnt:notice] [pid 6268:tid 452] AH00455: Apache/2.4.58 (Win64) OpenSSL/3.1.3 PHP/8.2.12 configured -- resuming normal operations
[Fri Nov 22 13:33:49.840556 2024] [mpm_winnt:notice] [pid 6268:tid 452] AH00456: Apache Lounge VS17 Server built: Oct 18 2023 13:03:18
[Fri Nov 22 13:33:49.840556 2024] [core:notice] [pid 6268:tid 452] AH00094: Command line: 'c:\\xampp\\apache\\bin\\httpd.exe -d C:/xampp/apache'
[Fri Nov 22 13:33:49.850603 2024] [mpm_winnt:notice] [pid 6268:tid 452] AH00418: Parent: Created child process 24148
[Fri Nov 22 13:33:50.151927 2024] [ssl:warn] [pid 24148:tid 456] AH01909: www.example.com:443:0 server certificate does NOT include an ID which matches the server name
[Fri Nov 22 13:33:50.181946 2024] [ssl:warn] [pid 24148:tid 456] AH01909: www.example.com:443:0 server certificate does NOT include an ID which matches the server name
[Fri Nov 22 13:33:50.209946 2024] [mpm_winnt:notice] [pid 24148:tid 456] AH00354: Child: Starting 150 worker threads.
[Fri Nov 22 14:13:38.518227 2024] [php:error] [pid 24148:tid 1884] [client ::1:59241] script 'C:/xampp/htdocs/Overcooked/hola.php' not found or unable to stat
[Fri Nov 22 14:13:41.151488 2024] [php:error] [pid 24148:tid 1884] [client ::1:59241] script 'C:/xampp/htdocs/Overcooked/hola.php' not found or unable to stat
[Fri Nov 22 14:13:51.125831 2024] [php:error] [pid 24148:tid 1884] [client ::1:59266] script 'C:/xampp/htdocs/Overcooked/hola.php' not found or unable to stat
[Fri Nov 22 14:14:00.154173 2024] [php:error] [pid 24148:tid 1884] [client ::1:59267] script 'C:/xampp/htdocs/Overcooked/hola.php' not found or unable to stat
[Fri Nov 22 14:14:23.993741 2024] [php:error] [pid 24148:tid 1884] [client ::1:59302] script 'C:/xampp/htdocs/overcooked/hola.php' not found or unable to stat
[Tue Nov 26 18:44:00.355608 2024] [ssl:warn] [pid 25840:tid 424] AH01909: www.example.com:443:0 server certificate does NOT include an ID which matches the server name
[Tue Nov 26 18:44:00.382611 2024] [core:warn] [pid 25840:tid 424] AH00098: pid file C:/xampp/apache/logs/httpd.pid overwritten -- Unclean shutdown of previous Apache run?
[Tue Nov 26 18:44:00.384598 2024] [ssl:warn] [pid 25840:tid 424] AH01909: www.example.com:443:0 server certificate does NOT include an ID which matches the server name
[Tue Nov 26 18:44:00.660629 2024] [mpm_winnt:notice] [pid 25840:tid 424] AH00455: Apache/2.4.58 (Win64) OpenSSL/3.1.3 PHP/8.2.12 configured -- resuming normal operations
[Tue Nov 26 18:44:00.660629 2024] [mpm_winnt:notice] [pid 25840:tid 424] AH00456: Apache Lounge VS17 Server built: Oct 18 2023 13:03:18
[Tue Nov 26 18:44:00.660629 2024] [core:notice] [pid 25840:tid 424] AH00094: Command line: 'c:\\xampp\\apache\\bin\\httpd.exe -d C:/xampp/apache'
[Tue Nov 26 18:44:00.669625 2024] [mpm_winnt:notice] [pid 25840:tid 424] AH00418: Parent: Created child process 4424
[Tue Nov 26 18:44:00.888304 2024] [ssl:warn] [pid 4424:tid 428] AH01909: www.example.com:443:0 server certificate does NOT include an ID which matches the server name
[Tue Nov 26 18:44:00.914813 2024] [ssl:warn] [pid 4424:tid 428] AH01909: www.example.com:443:0 server certificate does NOT include an ID which matches the server name
[Tue Nov 26 18:44:00.940851 2024] [mpm_winnt:notice] [pid 4424:tid 428] AH00354: Child: Starting 150 worker threads.
[Thu Nov 28 14:20:49.141410 2024] [ssl:warn] [pid 28844:tid 424] AH01909: www.example.com:443:0 server certificate does NOT include an ID which matches the server name
[Thu Nov 28 14:20:49.170396 2024] [core:warn] [pid 28844:tid 424] AH00098: pid file C:/xampp/apache/logs/httpd.pid overwritten -- Unclean shutdown of previous Apache run?
[Thu Nov 28 14:20:49.171396 2024] [ssl:warn] [pid 28844:tid 424] AH01909: www.example.com:443:0 server certificate does NOT include an ID which matches the server name
[Thu Nov 28 14:20:49.460394 2024] [mpm_winnt:notice] [pid 28844:tid 424] AH00455: Apache/2.4.58 (Win64) OpenSSL/3.1.3 PHP/8.2.12 configured -- resuming normal operations
[Thu Nov 28 14:20:49.460394 2024] [mpm_winnt:notice] [pid 28844:tid 424] AH00456: Apache Lounge VS17 Server built: Oct 18 2023 13:03:18
[Thu Nov 28 14:20:49.460394 2024] [core:notice] [pid 28844:tid 424] AH00094: Command line: 'c:\\xampp\\apache\\bin\\httpd.exe -d C:/xampp/apache'
[Thu Nov 28 14:20:49.471398 2024] [mpm_winnt:notice] [pid 28844:tid 424] AH00418: Parent: Created child process 46796
[Thu Nov 28 14:20:49.684567 2024] [ssl:warn] [pid 46796:tid 432] AH01909: www.example.com:443:0 server certificate does NOT include an ID which matches the server name
[Thu Nov 28 14:20:49.710573 2024] [ssl:warn] [pid 46796:tid 432] AH01909: www.example.com:443:0 server certificate does NOT include an ID which matches the server name
[Thu Nov 28 14:20:49.738275 2024] [mpm_winnt:notice] [pid 46796:tid 432] AH00354: Child: Starting 150 worker threads.
[Thu Nov 28 14:40:23.042007 2024] [php:error] [pid 46796:tid 1888] [client ::1:56073] PHP Fatal error:  Uncaught mysqli_sql_exception: Unknown database 'overcooked_game' in C:\\xampp\\htdocs\\chefrenzy\\login_player.php:8\nStack trace:\n#0 C:\\xampp\\htdocs\\chefrenzy\\login_player.php(8): mysqli->__construct('localhost', 'root', Object(SensitiveParameterValue), 'overcooked_game')\n#1 {main}\n  thrown in C:\\xampp\\htdocs\\chefrenzy\\login_player.php on line 8
[Thu Nov 28 15:48:34.994380 2024] [php:error] [pid 46796:tid 1872] [client ::1:54599] PHP Fatal error:  Uncaught mysqli_sql_exception: Unknown database 'overcooked_game' in C:\\xampp\\htdocs\\chefrenzy\\login_player.php:8\nStack trace:\n#0 C:\\xampp\\htdocs\\chefrenzy\\login_player.php(8): mysqli->__construct('localhost', 'root', Object(SensitiveParameterValue), 'overcooked_game')\n#1 {main}\n  thrown in C:\\xampp\\htdocs\\chefrenzy\\login_player.php on line 8
[Thu Nov 28 15:49:23.031223 2024] [php:error] [pid 46796:tid 1872] [client ::1:54684] PHP Fatal error:  Uncaught mysqli_sql_exception: Column 'Username' cannot be null in C:\\xampp\\htdocs\\chefrenzy\\register_player.php:31\nStack trace:\n#0 C:\\xampp\\htdocs\\chefrenzy\\register_player.php(31): mysqli_stmt->execute()\n#1 {main}\n  thrown in C:\\xampp\\htdocs\\chefrenzy\\register_player.php on line 31
[Thu Nov 28 15:53:03.185742 2024] [php:error] [pid 46796:tid 1872] [client ::1:54759] PHP Fatal error:  Uncaught mysqli_sql_exception: Column 'Username' cannot be null in C:\\xampp\\htdocs\\chefrenzy\\register_player.php:31\nStack trace:\n#0 C:\\xampp\\htdocs\\chefrenzy\\register_player.php(31): mysqli_stmt->execute()\n#1 {main}\n  thrown in C:\\xampp\\htdocs\\chefrenzy\\register_player.php on line 31
[Thu Nov 28 15:56:12.533604 2024] [php:error] [pid 46796:tid 1872] [client ::1:54780] PHP Fatal error:  Uncaught mysqli_sql_exception: Column 'Username' cannot be null in C:\\xampp\\htdocs\\chefrenzy\\register_player.php:31\nStack trace:\n#0 C:\\xampp\\htdocs\\chefrenzy\\register_player.php(31): mysqli_stmt->execute()\n#1 {main}\n  thrown in C:\\xampp\\htdocs\\chefrenzy\\register_player.php on line 31
[Thu Nov 28 15:56:58.018863 2024] [php:warn] [pid 46796:tid 1872] [client ::1:54785] PHP Warning:  Undefined array key "username" in C:\\xampp\\htdocs\\chefrenzy\\register_player.php on line 16
[Thu Nov 28 15:56:58.018863 2024] [php:warn] [pid 46796:tid 1872] [client ::1:54785] PHP Warning:  Undefined array key "password" in C:\\xampp\\htdocs\\chefrenzy\\register_player.php on line 17
[Thu Nov 28 15:56:58.066863 2024] [php:warn] [pid 46796:tid 1872] [client ::1:54785] PHP Warning:  Undefined array key "game_name" in C:\\xampp\\htdocs\\chefrenzy\\register_player.php on line 18
[Thu Nov 28 15:56:58.067865 2024] [php:error] [pid 46796:tid 1872] [client ::1:54785] PHP Fatal error:  Uncaught mysqli_sql_exception: Column 'Username' cannot be null in C:\\xampp\\htdocs\\chefrenzy\\register_player.php:31\nStack trace:\n#0 C:\\xampp\\htdocs\\chefrenzy\\register_player.php(31): mysqli_stmt->execute()\n#1 {main}\n  thrown in C:\\xampp\\htdocs\\chefrenzy\\register_player.php on line 31
[Thu Nov 28 15:58:18.164329 2024] [php:error] [pid 46796:tid 1872] [client ::1:54790] PHP Fatal error:  Uncaught mysqli_sql_exception: Unknown database 'overcooked_game' in C:\\xampp\\htdocs\\chefrenzy\\login_player.php:8\nStack trace:\n#0 C:\\xampp\\htdocs\\chefrenzy\\login_player.php(8): mysqli->__construct('localhost', 'root', Object(SensitiveParameterValue), 'overcooked_game')\n#1 {main}\n  thrown in C:\\xampp\\htdocs\\chefrenzy\\login_player.php on line 8
[Thu Nov 28 15:58:20.610191 2024] [php:error] [pid 46796:tid 1872] [client ::1:54790] PHP Fatal error:  Uncaught mysqli_sql_exception: Column 'Username' cannot be null in C:\\xampp\\htdocs\\chefrenzy\\register_player.php:31\nStack trace:\n#0 C:\\xampp\\htdocs\\chefrenzy\\register_player.php(31): mysqli_stmt->execute()\n#1 {main}\n  thrown in C:\\xampp\\htdocs\\chefrenzy\\register_player.php on line 31
[Thu Nov 28 16:01:35.688586 2024] [php:error] [pid 46796:tid 1872] [client ::1:54832] PHP Fatal error:  Uncaught mysqli_sql_exception: Column 'Username' cannot be null in C:\\xampp\\htdocs\\chefrenzy\\register_player.php:31\nStack trace:\n#0 C:\\xampp\\htdocs\\chefrenzy\\register_player.php(31): mysqli_stmt->execute()\n#1 {main}\n  thrown in C:\\xampp\\htdocs\\chefrenzy\\register_player.php on line 31
[Thu Nov 28 16:03:08.023771 2024] [php:error] [pid 46796:tid 1872] [client ::1:54842] PHP Fatal error:  Uncaught mysqli_sql_exception: Column 'Username' cannot be null in C:\\xampp\\htdocs\\chefrenzy\\register_player.php:31\nStack trace:\n#0 C:\\xampp\\htdocs\\chefrenzy\\register_player.php(31): mysqli_stmt->execute()\n#1 {main}\n  thrown in C:\\xampp\\htdocs\\chefrenzy\\register_player.php on line 31
[Thu Nov 28 16:04:50.634106 2024] [php:warn] [pid 46796:tid 1864] [client ::1:54905] PHP Warning:  Undefined array key "Username" in C:\\xampp\\htdocs\\chefrenzy\\register_player.php on line 16
[Thu Nov 28 16:04:50.634106 2024] [php:warn] [pid 46796:tid 1864] [client ::1:54905] PHP Warning:  Undefined array key "Password" in C:\\xampp\\htdocs\\chefrenzy\\register_player.php on line 17
[Thu Nov 28 16:04:50.683107 2024] [php:warn] [pid 46796:tid 1864] [client ::1:54905] PHP Warning:  Undefined array key "Game_Name" in C:\\xampp\\htdocs\\chefrenzy\\register_player.php on line 18
[Thu Nov 28 16:04:50.683107 2024] [php:error] [pid 46796:tid 1864] [client ::1:54905] PHP Fatal error:  Uncaught mysqli_sql_exception: Column 'Username' cannot be null in C:\\xampp\\htdocs\\chefrenzy\\register_player.php:31\nStack trace:\n#0 C:\\xampp\\htdocs\\chefrenzy\\register_player.php(31): mysqli_stmt->execute()\n#1 {main}\n  thrown in C:\\xampp\\htdocs\\chefrenzy\\register_player.php on line 31
[Thu Nov 28 16:05:07.203488 2024] [php:warn] [pid 46796:tid 1864] [client ::1:54914] PHP Warning:  Undefined array key "Username" in C:\\xampp\\htdocs\\chefrenzy\\register_player.php on line 16
[Thu Nov 28 16:05:07.203488 2024] [php:warn] [pid 46796:tid 1864] [client ::1:54914] PHP Warning:  Undefined array key "Password" in C:\\xampp\\htdocs\\chefrenzy\\register_player.php on line 17
[Thu Nov 28 16:05:07.252487 2024] [php:warn] [pid 46796:tid 1864] [client ::1:54914] PHP Warning:  Undefined array key "Game_Name" in C:\\xampp\\htdocs\\chefrenzy\\register_player.php on line 18
[Thu Nov 28 16:05:07.252487 2024] [php:error] [pid 46796:tid 1864] [client ::1:54914] PHP Fatal error:  Uncaught mysqli_sql_exception: Column 'Username' cannot be null in C:\\xampp\\htdocs\\chefrenzy\\register_player.php:31\nStack trace:\n#0 C:\\xampp\\htdocs\\chefrenzy\\register_player.php(31): mysqli_stmt->execute()\n#1 {main}\n  thrown in C:\\xampp\\htdocs\\chefrenzy\\register_player.php on line 31
[Thu Nov 28 16:11:29.193718 2024] [php:error] [pid 46796:tid 1864] [client ::1:54961] PHP Fatal error:  Uncaught mysqli_sql_exception: Column 'Username' cannot be null in C:\\xampp\\htdocs\\chefrenzy\\register_player.php:31\nStack trace:\n#0 C:\\xampp\\htdocs\\chefrenzy\\register_player.php(31): mysqli_stmt->execute()\n#1 {main}\n  thrown in C:\\xampp\\htdocs\\chefrenzy\\register_player.php on line 31
[Thu Nov 28 17:19:35.637438 2024] [php:error] [pid 46796:tid 1872] [client ::1:56356] PHP Fatal error:  Uncaught mysqli_sql_exception: Unknown database 'overcooked_game' in C:\\xampp\\htdocs\\chefrenzy\\login_player.php:8\nStack trace:\n#0 C:\\xampp\\htdocs\\chefrenzy\\login_player.php(8): mysqli->__construct('localhost', 'root', Object(SensitiveParameterValue), 'overcooked_game')\n#1 {main}\n  thrown in C:\\xampp\\htdocs\\chefrenzy\\login_player.php on line 8
[Thu Nov 28 23:44:58.869807 2024] [ssl:warn] [pid 3568:tid 428] AH01909: www.example.com:443:0 server certificate does NOT include an ID which matches the server name
[Thu Nov 28 23:44:58.895814 2024] [core:warn] [pid 3568:tid 428] AH00098: pid file C:/xampp/apache/logs/httpd.pid overwritten -- Unclean shutdown of previous Apache run?
[Thu Nov 28 23:44:58.897806 2024] [ssl:warn] [pid 3568:tid 428] AH01909: www.example.com:443:0 server certificate does NOT include an ID which matches the server name
[Thu Nov 28 23:44:59.170796 2024] [mpm_winnt:notice] [pid 3568:tid 428] AH00455: Apache/2.4.58 (Win64) OpenSSL/3.1.3 PHP/8.2.12 configured -- resuming normal operations
[Thu Nov 28 23:44:59.170796 2024] [mpm_winnt:notice] [pid 3568:tid 428] AH00456: Apache Lounge VS17 Server built: Oct 18 2023 13:03:18
[Thu Nov 28 23:44:59.170796 2024] [core:notice] [pid 3568:tid 428] AH00094: Command line: 'c:\\xampp\\apache\\bin\\httpd.exe -d C:/xampp/apache'
[Thu Nov 28 23:44:59.180795 2024] [mpm_winnt:notice] [pid 3568:tid 428] AH00418: Parent: Created child process 23992
[Thu Nov 28 23:44:59.413821 2024] [ssl:warn] [pid 23992:tid 428] AH01909: www.example.com:443:0 server certificate does NOT include an ID which matches the server name
[Thu Nov 28 23:44:59.440791 2024] [ssl:warn] [pid 23992:tid 428] AH01909: www.example.com:443:0 server certificate does NOT include an ID which matches the server name
[Thu Nov 28 23:44:59.467793 2024] [mpm_winnt:notice] [pid 23992:tid 428] AH00354: Child: Starting 150 worker threads.
[Fri Nov 29 11:53:32.505481 2024] [ssl:warn] [pid 25680:tid 424] AH01909: www.example.com:443:0 server certificate does NOT include an ID which matches the server name
[Fri Nov 29 11:53:32.532495 2024] [core:warn] [pid 25680:tid 424] AH00098: pid file C:/xampp/apache/logs/httpd.pid overwritten -- Unclean shutdown of previous Apache run?
[Fri Nov 29 11:53:32.534482 2024] [ssl:warn] [pid 25680:tid 424] AH01909: www.example.com:443:0 server certificate does NOT include an ID which matches the server name
[Fri Nov 29 11:53:32.810601 2024] [mpm_winnt:notice] [pid 25680:tid 424] AH00455: Apache/2.4.58 (Win64) OpenSSL/3.1.3 PHP/8.2.12 configured -- resuming normal operations
[Fri Nov 29 11:53:32.810601 2024] [mpm_winnt:notice] [pid 25680:tid 424] AH00456: Apache Lounge VS17 Server built: Oct 18 2023 13:03:18
[Fri Nov 29 11:53:32.810601 2024] [core:notice] [pid 25680:tid 424] AH00094: Command line: 'c:\\xampp\\apache\\bin\\httpd.exe -d C:/xampp/apache'
[Fri Nov 29 11:53:32.821594 2024] [mpm_winnt:notice] [pid 25680:tid 424] AH00418: Parent: Created child process 37332
[Fri Nov 29 11:53:33.147599 2024] [ssl:warn] [pid 37332:tid 436] AH01909: www.example.com:443:0 server certificate does NOT include an ID which matches the server name
[Fri Nov 29 11:53:33.175607 2024] [ssl:warn] [pid 37332:tid 436] AH01909: www.example.com:443:0 server certificate does NOT include an ID which matches the server name
[Fri Nov 29 11:53:33.202600 2024] [mpm_winnt:notice] [pid 37332:tid 436] AH00354: Child: Starting 150 worker threads.
